-----------------------------------------------------------------
This is a log file created by Automation_Script_32_3
-----------------------------------------------------------------
--------------------------------------------------
-------------Duplicate Files------------
--------------------------------------------------

Checksum : 8b1a9953c4611296a827abf8c47804d7
Demo1/xyz.txt
Demo1/xyz_dupfile.txt

Checksum : e14518141aa2089a082721e1896ee64c
Demo1/abc.jpg
Demo1/pqr.jpg
Duplicate files found in directory.
--------------------------------------------------
Deleted file : Demo1/xyz_dupfile.txt
--------------------------------------------------
--------------------------------------------------
Deleted file : Demo1/pqr.jpg
--------------------------------------------------
--------------------------------------------------
Total deleted files : 2
--------------------------------------------------

Duplicate file removal completed successfully
--------------------------------------------------
