-----------------------------------------------------------------
This is a log file created by Automation_Script_32_1
-----------------------------------------------------------------
--------------------------------------------------
-------------Directory Checksum Report------------
--------------------------------------------------
--------------------------------------------------
File Name : Demo/a2.pdf
Checksum  : d41d8cd98f00b204e9800998ecf8427e
--------------------------------------------------
--------------------------------------------------
File Name : Demo/a1.png
Checksum  : d41d8cd98f00b204e9800998ecf8427e
--------------------------------------------------
--------------------------------------------------
File Name : Demo/xyz.txt
Checksum  : 8b1a9953c4611296a827abf8c47804d7
--------------------------------------------------
--------------------------------------------------
File Name : Demo/xyz_dupfile.txt
Checksum  : 8b1a9953c4611296a827abf8c47804d7
--------------------------------------------------
--------------------------------------------------
File Name : Demo/abc.jpg
Checksum  : e14518141aa2089a082721e1896ee64c
--------------------------------------------------
--------------------------------------------------
File Name : Demo/pqr.jpg
Checksum  : e14518141aa2089a082721e1896ee64c
--------------------------------------------------
Displayed checksum successfully.
--------------------------------------------------
